<?xml version="1.0" encoding="UTF-8"?>
<!-- Generated by org.testng.reporters.JUnitReportReporter -->
<testsuite hostname="Dharani" failures="0" tests="1" name="com.demoblaze.tests.LoginWebTest" time="7.905" errors="0" timestamp="2023-12-01T23:01:01 IST" skipped="0">
  <testcase classname="com.demoblaze.tests.LoginWebTest" name="loginWithValidCredentials" time="7.905"/>
  <system-out/>
</testsuite> <!-- com.demoblaze.tests.LoginWebTest -->
