<?xml version="1.0" encoding="UTF-8"?>
<!-- Generated by org.testng.reporters.JUnitReportReporter -->
<testsuite hostname="Dharani" failures="0" tests="1" name="com.demoblaze.tests.SignupWebTest" time="7.404" errors="0" timestamp="2023-12-01T23:01:01 IST" skipped="0">
  <testcase classname="com.demoblaze.tests.SignupWebTest" name="SignupWithValidCredentials" time="7.404"/>
  <system-out/>
</testsuite> <!-- com.demoblaze.tests.SignupWebTest -->
